# JRE version: Java(TM) SE Runtime Environment (8.0_161-b12) (build 1.8.0_161-b12)
# Java VM: Java HotSpot(TM) 64-Bit Server VM (25.161-b12 mixed mode linux-amd64 compressed oops)
Heap:
 PSYoungGen      total 260096K, used 4843K [0x00000000d8400000, 0x00000000e9000000, 0x0000000100000000)
  eden space 245760K, 0% used [0x00000000d8400000,0x00000000d8400000,0x00000000e7400000)
  from space 14336K, 33% used [0x00000000e7400000,0x00000000e78badb0,0x00000000e8200000)
  to   space 13824K, 0% used [0x00000000e8280000,0x00000000e8280000,0x00000000e9000000)
 ParOldGen       total 69632K, used 21175K [0x0000000088c00000, 0x000000008d000000, 0x00000000d8400000)
  object space 69632K, 30% used [0x0000000088c00000,0x000000008a0add80,0x000000008d000000)
 Metaspace       used 22630K, capacity 23286K, committed 23424K, reserved 1069056K
  class space    used 2685K, capacity 2892K, committed 2944K, reserved 1048576K
GC Heap History (10 events):
Event: 2.621 GC heap after
Heap after GC invocations=3 (full 0):
 PSYoungGen      total 66560K, used 5107K [0x00000000d8400000, 0x00000000e0600000, 0x0000000100000000)
  eden space 61440K, 0% used [0x00000000d8400000,0x00000000d8400000,0x00000000dc000000)
  from space 5120K, 99% used [0x00000000dc000000,0x00000000dc4fcc58,0x00000000dc500000)
  to   space 5120K, 0% used [0x00000000e0100000,0x00000000e0100000,0x00000000e0600000)
 ParOldGen       total 81920K, used 7171K [0x0000000088c00000, 0x000000008dc00000, 0x00000000d8400000)
  object space 81920K, 8% used [0x0000000088c00000,0x0000000089300c60,0x000000008dc00000)
 Metaspace       used 14874K, capacity 15086K, committed 15232K, reserved 1062912K
  class space    used 1802K, capacity 1877K, committed 1920K, reserved 1048576K
}
Event: 3.745 GC heap before
{Heap before GC invocations=4 (full 0):
 PSYoungGen      total 66560K, used 66547K [0x00000000d8400000, 0x00000000e0600000, 0x0000000100000000)
  eden space 61440K, 100% used [0x00000000d8400000,0x00000000dc000000,0x00000000dc000000)
  from space 5120K, 99% used [0x00000000dc000000,0x00000000dc4fcc58,0x00000000dc500000)
  to   space 5120K, 0% used [0x00000000e0100000,0x00000000e0100000,0x00000000e0600000)
 ParOldGen       total 81920K, used 7171K [0x0000000088c00000, 0x000000008dc00000, 0x00000000d8400000)
  object space 81920K, 8% used [0x0000000088c00000,0x0000000089300c60,0x000000008dc00000)
 Metaspace       used 15345K, capacity 15584K, committed 15744K, reserved 1062912K
  class space    used 1830K, capacity 1912K, committed 1920K, reserved 1048576K
Event: 3.763 GC heap after
Heap after GC invocations=4 (full 0):
 PSYoungGen      total 128000K, used 5088K [0x00000000d8400000, 0x00000000e0600000, 0x0000000100000000)
  eden space 122880K, 0% used [0x00000000d8400000,0x00000000d8400000,0x00000000dfc00000)
  from space 5120K, 99% used [0x00000000e0100000,0x00000000e05f8020,0x00000000e0600000)
  to   space 5120K, 0% used [0x00000000dfc00000,0x00000000dfc00000,0x00000000e0100000)
 ParOldGen       total 81920K, used 12141K [0x0000000088c00000, 0x000000008dc00000, 0x00000000d8400000)
  object space 81920K, 14% used [0x0000000088c00000,0x00000000897db4a0,0x000000008dc00000)
 Metaspace       used 15345K, capacity 15584K, committed 15744K, reserved 1062912K
  class space    used 1830K, capacity 1912K, committed 1920K, reserved 1048576K
}
Event: 10.489 GC heap before
{Heap before GC invocations=5 (full 0):
 PSYoungGen      total 128000K, used 127968K [0x00000000d8400000, 0x00000000e0600000, 0x0000000100000000)
  eden space 122880K, 100% used [0x00000000d8400000,0x00000000dfc00000,0x00000000dfc00000)
  from space 5120K, 99% used [0x00000000e0100000,0x00000000e05f8020,0x00000000e0600000)
  to   space 5120K, 0% used [0x00000000dfc00000,0x00000000dfc00000,0x00000000e0100000)
 ParOldGen       total 81920K, used 12141K [0x0000000088c00000, 0x000000008dc00000, 0x00000000d8400000)
  object space 81920K, 14% used [0x0000000088c00000,0x00000000897db4a0,0x000000008dc00000)
 Metaspace       used 19726K, capacity 20248K, committed 20480K, reserved 1067008K
  class space    used 2273K, capacity 2435K, committed 2560K, reserved 1048576K
Event: 10.511 GC heap after
Heap after GC invocations=5 (full 0):
 PSYoungGen      total 128000K, used 5120K [0x00000000d8400000, 0x00000000e9100000, 0x0000000100000000)
  eden space 122880K, 0% used [0x00000000d8400000,0x00000000d8400000,0x00000000dfc00000)
  from space 5120K, 100% used [0x00000000dfc00000,0x00000000e0100000,0x00000000e0100000)
  to   space 14848K, 0% used [0x00000000e8280000,0x00000000e8280000,0x00000000e9100000)
 ParOldGen       total 81920K, used 18278K [0x0000000088c00000, 0x000000008dc00000, 0x00000000d8400000)
  object space 81920K, 22% used [0x0000000088c00000,0x0000000089dd9a38,0x000000008dc00000)
 Metaspace       used 19726K, capacity 20248K, committed 20480K, reserved 1067008K
  class space    used 2273K, capacity 2435K, committed 2560K, reserved 1048576K
}
Event: 10.755 GC heap before
{Heap before GC invocations=6 (full 0):
 PSYoungGen      total 128000K, used 17081K [0x00000000d8400000, 0x00000000e9100000, 0x0000000100000000)
  eden space 122880K, 9% used [0x00000000d8400000,0x00000000d8fae728,0x00000000dfc00000)
  from space 5120K, 100% used [0x00000000dfc00000,0x00000000e0100000,0x00000000e0100000)
  to   space 14848K, 0% used [0x00000000e8280000,0x00000000e8280000,0x00000000e9100000)
 ParOldGen       total 81920K, used 18278K [0x0000000088c00000, 0x000000008dc00000, 0x00000000d8400000)
  object space 81920K, 22% used [0x0000000088c00000,0x0000000089dd9a38,0x000000008dc00000)
 Metaspace       used 20605K, capacity 21102K, committed 21296K, reserved 1069056K
  class space    used 2419K, capacity 2612K, committed 2688K, reserved 1048576K
Event: 10.781 GC heap after
Heap after GC invocations=6 (full 0):
 PSYoungGen      total 259584K, used 6820K [0x00000000d8400000, 0x00000000e9000000, 0x0000000100000000)
  eden space 245760K, 0% used [0x00000000d8400000,0x00000000d8400000,0x00000000e7400000)
  from space 13824K, 49% used [0x00000000e8280000,0x00000000e8929300,0x00000000e9000000)
  to   space 14336K, 0% used [0x00000000e7400000,0x00000000e7400000,0x00000000e8200000)
 ParOldGen       total 81920K, used 18286K [0x0000000088c00000, 0x000000008dc00000, 0x00000000d8400000)
  object space 81920K, 22% used [0x0000000088c00000,0x0000000089ddba38,0x000000008dc00000)
 Metaspace       used 20605K, capacity 21102K, committed 21296K, reserved 1069056K
  class space    used 2419K, capacity 2612K, committed 2688K, reserved 1048576K
}
Event: 10.781 GC heap before
{Heap before GC invocations=7 (full 1):
 PSYoungGen      total 259584K, used 6820K [0x00000000d8400000, 0x00000000e9000000, 0x0000000100000000)
  eden space 245760K, 0% used [0x00000000d8400000,0x00000000d8400000,0x00000000e7400000)
  from space 13824K, 49% used [0x00000000e8280000,0x00000000e8929300,0x00000000e9000000)
  to   space 14336K, 0% used [0x00000000e7400000,0x00000000e7400000,0x00000000e8200000)
 ParOldGen       total 81920K, used 18286K [0x0000000088c00000, 0x000000008dc00000, 0x00000000d8400000)
  object space 81920K, 22% used [0x0000000088c00000,0x0000000089ddba38,0x000000008dc00000)
 Metaspace       used 20605K, capacity 21102K, committed 21296K, reserved 1069056K
  class space    used 2419K, capacity 2612K, committed 2688K, reserved 1048576K
Event: 10.905 GC heap after
Heap after GC invocations=7 (full 1):
 PSYoungGen      total 259584K, used 0K [0x00000000d8400000, 0x00000000e9000000, 0x0000000100000000)
  eden space 245760K, 0% used [0x00000000d8400000,0x00000000d8400000,0x00000000e7400000)
  from space 13824K, 0% used [0x00000000e8280000,0x00000000e8280000,0x00000000e9000000)
  to   space 14336K, 0% used [0x00000000e7400000,0x00000000e7400000,0x00000000e8200000)
 ParOldGen       total 69632K, used 21167K [0x0000000088c00000, 0x000000008d000000, 0x00000000d8400000)
  object space 69632K, 30% used [0x0000000088c00000,0x000000008a0abd80,0x000000008d000000)
 Metaspace       used 20605K, capacity 21102K, committed 21296K, reserved 1069056K
  class space    used 2419K, capacity 2612K, committed 2688K, reserved 1048576K
}
Event: 15.948 GC heap before
{Heap before GC invocations=8 (full 1):
 PSYoungGen      total 259584K, used 71140K [0x00000000d8400000, 0x00000000e9000000, 0x0000000100000000)
  eden space 245760K, 28% used [0x00000000d8400000,0x00000000dc979128,0x00000000e7400000)
  from space 13824K, 0% used [0x00000000e8280000,0x00000000e8280000,0x00000000e9000000)
  to   space 14336K, 0% used [0x00000000e7400000,0x00000000e7400000,0x00000000e8200000)
 ParOldGen       total 69632K, used 21167K [0x0000000088c00000, 0x000000008d000000, 0x00000000d8400000)
  object space 69632K, 30% used [0x0000000088c00000,0x000000008a0abd80,0x000000008d000000)
 Metaspace       used 22630K, capacity 23286K, committed 23424K, reserved 1069056K
  class space    used 2685K, capacity 2892K, committed 2944K, reserved 1048576K

